<?xml version="1.0" encoding="UTF-8"?>
<!-- Generated by org.testng.reporters.JUnitReportReporter -->
<testsuite skipped="0" hostname="LAPTOP-8OF1CJ1H" name="Basic_rest_assured_post" tests="1" failures="0" timestamp="29 Apr 2018 13:06:16 GMT" time="6.996" errors="0">
  <testcase name="postPlace" time="6.996" classname="Basic_rest_assured_post"/>
</testsuite> <!-- Basic_rest_assured_post -->
