<?xml version="1.0" encoding="UTF-8"?>
<!-- Generated by org.testng.reporters.JUnitReportReporter -->
<testsuite skipped="0" hostname="LAPTOP-8OF1CJ1H" name="Basic_rest_assured_get" tests="1" failures="0" timestamp="29 Apr 2018 13:14:34 GMT" time="8.120" errors="0">
  <testcase name="searchPlace" time="8.120" classname="Basic_rest_assured_get"/>
</testsuite> <!-- Basic_rest_assured_get -->
