<?xml version="1.0" encoding="UTF-8"?>
<!-- Generated by org.testng.reporters.JUnitReportReporter -->
<testsuite skipped="0" hostname="LAPTOP-8OF1CJ1H" name="Basic_rest_assured_add_delete" tests="1" failures="0" timestamp="29 Apr 2018 13:13:14 GMT" time="8.195" errors="0">
  <testcase name="add_delete" time="8.195" classname="Basic_rest_assured_add_delete"/>
</testsuite> <!-- Basic_rest_assured_add_delete -->
