<?xml version="1.0" encoding="UTF-8"?>
<!-- Generated by org.testng.reporters.JUnitReportReporter -->
<testsuite skipped="0" hostname="LAPTOP-8OF1CJ1H" name="basic_rest_assured" tests="1" failures="0" timestamp="29 Apr 2018 06:36:56 GMT" time="8.865" errors="0">
  <testcase name="searchPlace" time="8.865" classname="basic_rest_assured"/>
</testsuite> <!-- basic_rest_assured -->
